Arguments: 
  C:\Program Files\nodejs\node.exe C:\Users\321\AppData\Roaming\npm\node_modules\yarn\bin\yarn.js install truffle-hdwallet-provider

PATH: 
  c:\program files\graphicsmagick-1.3.28-q16;C:\ProgramData\Oracle\Java\javapath;C:\Program Files (x86)\Intel\iCLS Client\;C:\Program Files\Intel\iCLS Client\;C:\WINDOWS\system32;C:\WINDOWS;C:\WINDOWS\System32\Wbem;C:\WINDOWS\System32\WindowsPowerShell\v1.0\;C:\Program Files\nodejs\;C:\Program Files (x86)\Calibre2\;C:\Program Files\Git\cmd;C:\Program Files (x86)\Intel\Intel(R) Management Engine Components\DAL;C:\Program Files\Intel\Intel(R) Management Engine Components\DAL;C:\Program Files (x86)\Intel\Intel(R) Management Engine Components\IPT;C:\Program Files\Intel\Intel(R) Management Engine Components\IPT;C:\Program Files\Intel\WiFi\bin\;C:\Program Files\Common Files\Intel\WirelessCommon\;C:\Program Files\Geth;C:\Program Files\dotnet\;C:\Users\321\AppData\Local\Microsoft\WindowsApps;C:\Users\321\AppData\Roaming\npm;C:\Program Files\Heroku\bin;C:\Users\321\AppData\Local\atom\bin;C:\Users\321\AppData\Roaming\Microsoft\Windows\Start Menu\Programs\Python 3.7;C:\Program Files\Java\jre1.8.0_161\bin;C:\Program Files\Microsoft VS Code\bin;C:\Program Files\Docker Toolbox;C:\Program Files\go-ipfs_v0.4.14_windows-amd64\go-ipfs;C:\Users\321\Documents\gebeyaProject\blockchain\gebeya-smart-contract\node_modules\scrypt\buil;

Yarn version: 
  1.5.1

Node version: 
  8.9.4

Platform: 
  win32 x64

npm manifest: 
  {
    "name": "gebeya-smart-contract",
    "version": "1.0.0",
    "description": "smart contract for asset ownership transfer",
    "main": "app.js",
    "directories": {
      "test": "test"
    },
    "scripts": {
      "test": "echo \"Error: no test specified\" && exit 1"
    },
    "author": "tesfaye belachew abebe",
    "license": "MIT",
    "dependencies": {
      "ethereumjs-tx": "^1.3.4",
      "ethereumjs-util": "^5.1.5",
      "ethjs-util": "^0.1.4",
      "keythereum": "^1.0.2",
      "web3": "^0.20.6"
    }
  }

yarn manifest: 
  No manifest

Lockfile: 
  No lockfile

Trace: 
  Error: `install` has been replaced with `add` to add new dependencies. Run "yarn add truffle-hdwallet-provider" instead.
      at new MessageError (C:\Users\321\AppData\Roaming\npm\node_modules\yarn\lib\cli.js:186:110)
      at Object.<anonymous> (C:\Users\321\AppData\Roaming\npm\node_modules\yarn\lib\cli.js:21987:13)
      at Generator.next (<anonymous>)
      at step (C:\Users\321\AppData\Roaming\npm\node_modules\yarn\lib\cli.js:98:30)
      at C:\Users\321\AppData\Roaming\npm\node_modules\yarn\lib\cli.js:109:13
      at <anonymous>
